06/04/2013 07:02:27 PM [INFO    ]: Loading includes/robot_standard.pop
06/04/2013 07:02:27 PM [INFO    ]: Loading includes/robot_giant.pop
06/04/2013 07:02:27 PM [INFO    ]: Loaded 59 templates.
06/04/2013 07:02:27 PM [INFO    ]: Finished scanning: 0 warnings, 0 errors.
06/04/2013 07:02:27 PM [INFO    ]: Used templates: 15
06/04/2013 07:02:27 PM [INFO    ]: Template T_TFBot_Giant_Soldier_Crit: Used 4 times.
06/04/2013 07:02:27 PM [INFO    ]: Template T_TFBot_Giant_Heavyweapons: Used 6 times.
06/04/2013 07:02:27 PM [INFO    ]: Template T_TFBot_Giant_Pyro_Flare_Spammer: Used 1 times.
06/04/2013 07:02:27 PM [INFO    ]: Template T_TFBot_Giant_Scout_Fast: Used 4 times.
06/04/2013 07:02:27 PM [INFO    ]: Template T_TFBot_Giant_Pyro: Used 4 times.
06/04/2013 07:02:27 PM [INFO    ]: Template T_TFBot_Medic_QuickFix: Used 5 times.
06/04/2013 07:02:27 PM [INFO    ]: Template T_TFBot_SentryBuster: Used 1 times.
06/04/2013 07:02:27 PM [INFO    ]: Template T_TFBot_Medic_SlowRecharge: Used 11 times.
06/04/2013 07:02:27 PM [INFO    ]: Template T_TFBot_Giant_Heavyweapons_Deflector: Used 1 times.
06/04/2013 07:02:27 PM [INFO    ]: Template T_TFBot_Giant_Medic: Used 3 times.
06/04/2013 07:02:27 PM [INFO    ]: Template T_TFBot_Giant_Soldier_Spammer: Used 2 times.
06/04/2013 07:02:27 PM [INFO    ]: Template T_TFBot_Giant_Scout: Used 1 times.
06/04/2013 07:02:27 PM [INFO    ]: Template T_TFBot_Giant_Demo_RapidFire: Used 4 times.
06/04/2013 07:02:27 PM [INFO    ]: Template T_TFBot_Medic_QuickUber: Used 3 times.
06/04/2013 07:02:27 PM [INFO    ]: Template T_NINJA_SPY: Used 2 times.
06/04/2013 07:02:27 PM [INFO    ]: Saving to PARSED_TEMPLATES.pop...
06/04/2013 07:02:27 PM [INFO    ]: Saved 59 templates to PARSED_TEMPLATES.pop.
06/04/2013 07:02:27 PM [INFO    ]: Saving to mvm_mannworks_30wave.pop.new...
06/04/2013 07:02:27 PM [INFO    ]: Saved 15 templates to mvm_mannworks_30wave.pop.new (44 skipped).
